2019-04-03 12:08:44 - [INFO] - New Game created with Thread: Thread-0
2019-04-03 12:08:44 - [INFO] - C: STRT 194
2019-04-03 12:08:44 - [INFO] - S: INIT 100
2019-04-03 12:08:44 - [INFO] - C: CASH 521
2019-04-03 12:08:44 - [INFO] - S: IDCK 9♥ K♣
2019-04-03 12:08:44 - [INFO] - S: SHOW 1 3♠
2019-04-03 12:08:44 - [INFO] - C: SHOW 2 9♥ K♣
2019-04-03 12:08:44 - [INFO] - S: SHOW 3 3♠ J♥ Q♦
2019-04-03 12:08:44 - [INFO] - S: WINS 0 100
2019-04-03 12:08:44 - [INFO] - C: RPLY
2019-04-03 12:08:44 - [INFO] - S: INIT 100
2019-04-03 12:08:44 - [INFO] - C: CASH 1124
2019-04-03 12:08:44 - [INFO] - S: IDCK 4♥ 4♠
2019-04-03 12:08:44 - [INFO] - S: SHOW 1 9♥
2019-04-03 12:08:44 - [INFO] - C: HITT
2019-04-03 12:08:44 - [INFO] - S: CARD 8♥
2019-04-03 12:08:44 - [INFO] - C: SRND
2019-04-03 12:08:44 - [INFO] - S: WINS 2 100
2019-04-03 12:08:44 - [INFO] - C: RPLY
2019-04-03 12:08:44 - [INFO] - S: INIT 100
2019-04-03 12:08:44 - [INFO] - C: CASH 1349
2019-04-03 12:08:44 - [INFO] - S: IDCK 2♥ J♣
2019-04-03 12:08:44 - [INFO] - S: SHOW 1 K♥
2019-04-03 12:08:44 - [INFO] - C: HITT
2019-04-03 12:08:44 - [INFO] - S: CARD 2♣
2019-04-03 12:08:44 - [INFO] - C: HITT
2019-04-03 12:08:44 - [INFO] - S: CARD K♠
2019-04-03 12:08:44 - [INFO] - C: SHOW 4 2♥ J♣ 2♣ K♠
2019-04-03 12:08:44 - [INFO] - S: WINS 1 100
2019-04-03 12:08:44 - [INFO] - C: EXIT
